0.05,5742515
0.06,5673011
0.06,5634517
0.06,5410955
0.06,4987100
0.06,4899457
0.06,4636415
0.06,4631593
0.06,4614118
0.06,4607005
0.06,4600253
0.06,4222749
0.06,3982750
0.06,3950902
0.06,3521350
0.06,3351733
0.06,3224273
0.06,3051514
0.06,2827022
0.06,2817621
0.06,2785649
0.06,2704960
0.06,2601991
0.06,2541237
0.06,2507424
0.06,2484772
0.06,2459632
0.06,2444097
0.06,2398054
0.06,2363075
0.07,2344045
0.07,2320507
0.07,2250854
0.07,2241168
0.07,2237426
0.07,2233080
0.07,2225276
0.07,2215691
0.07,2208387
0.07,2179450
0.07,2115530
0.07,2065031
0.07,2041684
0.07,2039224
0.07,2026737
0.07,2016321
0.07,2003762
